  Ball.cpp
D:\user\Desktop\init_final\computer-animation-final-project\MultiplyOrRelease\Circle.h(72,23): warning C4305: '正在初始化': 從 'double' 轉換為 'float'，是由較大的類型轉換為較小的類型，可能導致資料遺失
D:\user\Desktop\init_final\computer-animation-final-project\MultiplyOrRelease\Ball.cpp(7,33): warning C4305: '=': 從 'double' 轉換為 'float'，是由較大的類型轉換為較小的類型，可能導致資料遺失
D:\user\Desktop\init_final\computer-animation-final-project\MultiplyOrRelease\Ball.cpp(8,41): warning C4305: '=': 從 'double' 轉換為 'float'，是由較大的類型轉換為較小的類型，可能導致資料遺失
  Circle.cpp
D:\user\Desktop\init_final\computer-animation-final-project\MultiplyOrRelease\Circle.h(72,23): warning C4305: '正在初始化': 從 'double' 轉換為 'float'，是由較大的類型轉換為較小的類型，可能導致資料遺失
D:\user\Desktop\init_final\computer-animation-final-project\MultiplyOrRelease\Circle.cpp(51,27): warning C4244: '=': 將 'double' 轉換為 'float'，由於類型不同，可能導致資料遺失
  main.cpp
D:\user\Desktop\init_final\computer-animation-final-project\MultiplyOrRelease\include\GLFW\glfw3.h(3235,1): warning C4819: 檔案含有無法在目前字碼頁 (950) 中表示的字元。請以 Unicode 格式儲存檔案以防止資料遺失
D:\user\Desktop\init_final\computer-animation-final-project\MultiplyOrRelease\Circle.h(72,23): warning C4305: '正在初始化': 從 'double' 轉換為 'float'，是由較大的類型轉換為較小的類型，可能導致資料遺失
D:\user\Desktop\init_final\computer-animation-final-project\MultiplyOrRelease\main.cpp(19,66): warning C4305: '引數': 從 'double' 轉換為 'float'，是由較大的類型轉換為較小的類型，可能導致資料遺失
D:\user\Desktop\init_final\computer-animation-final-project\MultiplyOrRelease\main.cpp(20,104): warning C4305: '引數': 從 'double' 轉換為 'float'，是由較大的類型轉換為較小的類型，可能導致資料遺失
D:\user\Desktop\init_final\computer-animation-final-project\MultiplyOrRelease\main.cpp(21,104): warning C4305: '引數': 從 'double' 轉換為 'float'，是由較大的類型轉換為較小的類型，可能導致資料遺失
D:\user\Desktop\init_final\computer-animation-final-project\MultiplyOrRelease\main.cpp(22,104): warning C4305: '引數': 從 'double' 轉換為 'float'，是由較大的類型轉換為較小的類型，可能導致資料遺失
D:\user\Desktop\init_final\computer-animation-final-project\MultiplyOrRelease\main.cpp(23,104): warning C4305: '引數': 從 'double' 轉換為 'float'，是由較大的類型轉換為較小的類型，可能導致資料遺失
D:\user\Desktop\init_final\computer-animation-final-project\MultiplyOrRelease\main.cpp(24,104): warning C4305: '引數': 從 'double' 轉換為 'float'，是由較大的類型轉換為較小的類型，可能導致資料遺失
D:\user\Desktop\init_final\computer-animation-final-project\MultiplyOrRelease\main.cpp(25,104): warning C4305: '引數': 從 'double' 轉換為 'float'，是由較大的類型轉換為較小的類型，可能導致資料遺失
D:\user\Desktop\init_final\computer-animation-final-project\MultiplyOrRelease\main.cpp(26,104): warning C4305: '引數': 從 'double' 轉換為 'float'，是由較大的類型轉換為較小的類型，可能導致資料遺失
D:\user\Desktop\init_final\computer-animation-final-project\MultiplyOrRelease\main.cpp(27,104): warning C4305: '引數': 從 'double' 轉換為 'float'，是由較大的類型轉換為較小的類型，可能導致資料遺失
D:\user\Desktop\init_final\computer-animation-final-project\MultiplyOrRelease\main.cpp(29,63): warning C4305: '引數': 從 'double' 轉換為 'float'，是由較大的類型轉換為較小的類型，可能導致資料遺失
D:\user\Desktop\init_final\computer-animation-final-project\MultiplyOrRelease\main.cpp(57,29): warning C4244: '正在初始化': 將 'double' 轉換為 'float'，由於類型不同，可能導致資料遺失
D:\user\Desktop\init_final\computer-animation-final-project\MultiplyOrRelease\main.cpp(57,17): warning C4244: '正在初始化': 將 'double' 轉換為 'const float'，由於類型不同，可能導致資料遺失
D:\user\Desktop\init_final\computer-animation-final-project\MultiplyOrRelease\main.cpp(167,52): warning C4305: '引數': 從 'double' 轉換為 'float'，是由較大的類型轉換為較小的類型，可能導致資料遺失
D:\user\Desktop\init_final\computer-animation-final-project\MultiplyOrRelease\main.cpp(198,60): warning C4244: '引數': 將 'double' 轉換為 'float'，由於類型不同，可能導致資料遺失
D:\user\Desktop\init_final\computer-animation-final-project\MultiplyOrRelease\main.cpp(230,38): warning C4305: '引數': 從 'double' 轉換為 'GLfloat'，是由較大的類型轉換為較小的類型，可能導致資料遺失
D:\user\Desktop\init_final\computer-animation-final-project\MultiplyOrRelease\main.cpp(331,13): warning C4244: '正在初始化': 將 'double' 轉換為 'float'，由於類型不同，可能導致資料遺失
D:\user\Desktop\init_final\computer-animation-final-project\MultiplyOrRelease\main.cpp(332,13): warning C4244: '正在初始化': 將 'double' 轉換為 'float'，由於類型不同，可能導致資料遺失
D:\user\Desktop\init_final\computer-animation-final-project\MultiplyOrRelease\main.cpp(333,13): warning C4244: '正在初始化': 將 'double' 轉換為 'float'，由於類型不同，可能導致資料遺失
D:\user\Desktop\init_final\computer-animation-final-project\MultiplyOrRelease\main.cpp(334,13): warning C4244: '正在初始化': 將 'double' 轉換為 'float'，由於類型不同，可能導致資料遺失
D:\user\Desktop\init_final\computer-animation-final-project\MultiplyOrRelease\main.cpp(360,12): warning C4305: '引數': 從 'double' 轉換為 'float'，是由較大的類型轉換為較小的類型，可能導致資料遺失
D:\user\Desktop\init_final\computer-animation-final-project\MultiplyOrRelease\main.cpp(364,12): warning C4305: '引數': 從 'double' 轉換為 'float'，是由較大的類型轉換為較小的類型，可能導致資料遺失
  Player.cpp
D:\user\Desktop\init_final\computer-animation-final-project\MultiplyOrRelease\Circle.h(72,23): warning C4305: '正在初始化': 從 'double' 轉換為 'float'，是由較大的類型轉換為較小的類型，可能導致資料遺失
D:\user\Desktop\init_final\computer-animation-final-project\MultiplyOrRelease\Player.cpp(44,43): warning C4267: '正在初始化': 將 'size_t' 轉換為 'unsigned int'，資料可能遺失
D:\user\Desktop\init_final\computer-animation-final-project\MultiplyOrRelease\Player.cpp(66,43): warning C4267: '正在初始化': 將 'size_t' 轉換為 'unsigned int'，資料可能遺失
D:\user\Desktop\init_final\computer-animation-final-project\MultiplyOrRelease\Player.cpp(125,40): warning C4305: '引數': 從 'double' 轉換為 'float'，是由較大的類型轉換為較小的類型，可能導致資料遺失
D:\user\Desktop\init_final\computer-animation-final-project\MultiplyOrRelease\Player.cpp(144,44): warning C4305: '引數': 從 'double' 轉換為 'float'，是由較大的類型轉換為較小的類型，可能導致資料遺失
D:\user\Desktop\init_final\computer-animation-final-project\MultiplyOrRelease\Player.cpp(197,18): warning C4244: '正在初始化': 將 'double' 轉換為 'float'，由於類型不同，可能導致資料遺失
D:\user\Desktop\init_final\computer-animation-final-project\MultiplyOrRelease\Player.cpp(197,51): warning C4244: '正在初始化': 將 'double' 轉換為 'float'，由於類型不同，可能導致資料遺失
D:\user\Desktop\init_final\computer-animation-final-project\MultiplyOrRelease\Player.cpp(198,45): warning C4244: '正在初始化': 將 'double' 轉換為 'float'，由於類型不同，可能導致資料遺失
D:\user\Desktop\init_final\computer-animation-final-project\MultiplyOrRelease\Player.cpp(206,59): warning C4244: '引數': 將 'double' 轉換為 '_Ty'，由於類型不同，可能導致資料遺失
          with
          [
              _Ty=int
          ]
D:\user\Desktop\init_final\computer-animation-final-project\MultiplyOrRelease\Player.cpp(206,15): warning C4244: '正在初始化': 將 'genType' 轉換為 'int'，由於類型不同，可能導致資料遺失
          with
          [
              genType=double
          ]
D:\user\Desktop\init_final\computer-animation-final-project\MultiplyOrRelease\Player.cpp(207,61): warning C4244: '引數': 將 'double' 轉換為 '_Ty'，由於類型不同，可能導致資料遺失
          with
          [
              _Ty=int
          ]
D:\user\Desktop\init_final\computer-animation-final-project\MultiplyOrRelease\Player.cpp(207,15): warning C4244: '正在初始化': 將 'genType' 轉換為 'int'，由於類型不同，可能導致資料遺失
          with
          [
              genType=double
          ]
D:\user\Desktop\init_final\computer-animation-final-project\MultiplyOrRelease\Player.cpp(208,45): warning C4244: '引數': 將 'float' 轉換為 '_Ty'，由於類型不同，可能導致資料遺失
          with
          [
              _Ty=int
          ]
D:\user\Desktop\init_final\computer-animation-final-project\MultiplyOrRelease\Player.cpp(208,15): warning C4244: '正在初始化': 將 'genType' 轉換為 'int'，由於類型不同，可能導致資料遺失
          with
          [
              genType=double
          ]
D:\user\Desktop\init_final\computer-animation-final-project\MultiplyOrRelease\Player.cpp(209,44): warning C4244: '引數': 將 'float' 轉換為 '_Ty'，由於類型不同，可能導致資料遺失
          with
          [
              _Ty=int
          ]
D:\user\Desktop\init_final\computer-animation-final-project\MultiplyOrRelease\Player.cpp(209,15): warning C4244: '正在初始化': 將 'genType' 轉換為 'int'，由於類型不同，可能導致資料遺失
          with
          [
              genType=double
          ]
D:\user\Desktop\init_final\computer-animation-final-project\MultiplyOrRelease\Player.cpp(236,43): warning C4267: '正在初始化': 將 'size_t' 轉換為 'unsigned int'，資料可能遺失
D:\user\Desktop\init_final\computer-animation-final-project\MultiplyOrRelease\Player.cpp(241,23): warning C4244: '正在初始化': 將 'double' 轉換為 'int'，由於類型不同，可能導致資料遺失
D:\user\Desktop\init_final\computer-animation-final-project\MultiplyOrRelease\Player.cpp(242,23): warning C4244: '正在初始化': 將 'T' 轉換為 'int'，由於類型不同，可能導致資料遺失
          with
          [
              T=float
          ]
D:\user\Desktop\init_final\computer-animation-final-project\MultiplyOrRelease\Player.cpp(268,8): warning C4305: '引數': 從 'double' 轉換為 'float'，是由較大的類型轉換為較小的類型，可能導致資料遺失
D:\user\Desktop\init_final\computer-animation-final-project\MultiplyOrRelease\Player.cpp(286,8): warning C4305: '引數': 從 'double' 轉換為 'float'，是由較大的類型轉換為較小的類型，可能導致資料遺失
D:\user\Desktop\init_final\computer-animation-final-project\MultiplyOrRelease\Player.cpp(303,8): warning C4305: '引數': 從 'double' 轉換為 'float'，是由較大的類型轉換為較小的類型，可能導致資料遺失
D:\user\Desktop\init_final\computer-animation-final-project\MultiplyOrRelease\Player.cpp(317,78): warning C4244: '引數': 將 'double' 轉換為 '_Ty'，由於類型不同，可能導致資料遺失
          with
          [
              _Ty=int
          ]
D:\user\Desktop\init_final\computer-animation-final-project\MultiplyOrRelease\Player.cpp(317,32): warning C4244: '正在初始化': 將 'double' 轉換為 'unsigned int'，由於類型不同，可能導致資料遺失
D:\user\Desktop\init_final\computer-animation-final-project\MultiplyOrRelease\Player.cpp(321,8): warning C4305: '引數': 從 'double' 轉換為 'float'，是由較大的類型轉換為較小的類型，可能導致資料遺失
D:\user\Desktop\init_final\computer-animation-final-project\MultiplyOrRelease\Player.cpp(345,8): warning C4305: '引數': 從 'double' 轉換為 'float'，是由較大的類型轉換為較小的類型，可能導致資料遺失
D:\user\Desktop\init_final\computer-animation-final-project\MultiplyOrRelease\Player.cpp(350,8): warning C4305: '引數': 從 'double' 轉換為 'float'，是由較大的類型轉換為較小的類型，可能導致資料遺失
D:\user\Desktop\init_final\computer-animation-final-project\MultiplyOrRelease\Player.cpp(355,8): warning C4305: '引數': 從 'double' 轉換為 'float'，是由較大的類型轉換為較小的類型，可能導致資料遺失
D:\user\Desktop\init_final\computer-animation-final-project\MultiplyOrRelease\Player.cpp(360,8): warning C4305: '引數': 從 'double' 轉換為 'float'，是由較大的類型轉換為較小的類型，可能導致資料遺失
D:\user\Desktop\init_final\computer-animation-final-project\MultiplyOrRelease\Player.cpp(378,21): warning C4244: '正在初始化': 將 'double' 轉換為 'float'，由於類型不同，可能導致資料遺失
D:\user\Desktop\init_final\computer-animation-final-project\MultiplyOrRelease\Player.cpp(402,48): warning C4018: '<': signed/unsigned 不相符
D:\user\Desktop\init_final\computer-animation-final-project\MultiplyOrRelease\Player.cpp(407,22): warning C4244: '正在初始化': 將 'double' 轉換為 'float'，由於類型不同，可能導致資料遺失
D:\user\Desktop\init_final\computer-animation-final-project\MultiplyOrRelease\Player.cpp(407,67): warning C4305: '正在初始化': 從 'double' 轉換為 'float'，是由較大的類型轉換為較小的類型，可能導致資料遺失
D:\user\Desktop\init_final\computer-animation-final-project\MultiplyOrRelease\Player.cpp(471,33): warning C4244: 'return': 將 'double' 轉換為 'float'，由於類型不同，可能導致資料遺失
D:\user\Desktop\init_final\computer-animation-final-project\MultiplyOrRelease\Player.cpp(481,31): warning C4267: 'return': 將 'size_t' 轉換為 'unsigned int'，資料可能遺失
D:\user\Desktop\init_final\computer-animation-final-project\MultiplyOrRelease\Player.cpp(486,26): warning C4267: 'return': 將 'size_t' 轉換為 'unsigned int'，資料可能遺失
  Shader.cpp
  Rectangle.cpp
  正在產生程式碼...
  glad.c
glfw3.lib(context.obj) : warning LNK4099: 找不到 PDB 'glfw3.pdb' (有 'glfw3.lib(context.obj)' 或位於 'D:\user\Desktop\init_final\computer-animation-final-project\x64\Debug\glfw3.pdb')，當做沒有偵錯資訊，連結物件
glfw3.lib(init.obj) : warning LNK4099: 找不到 PDB 'glfw3.pdb' (有 'glfw3.lib(init.obj)' 或位於 'D:\user\Desktop\init_final\computer-animation-final-project\x64\Debug\glfw3.pdb')，當做沒有偵錯資訊，連結物件
glfw3.lib(input.obj) : warning LNK4099: 找不到 PDB 'glfw3.pdb' (有 'glfw3.lib(input.obj)' 或位於 'D:\user\Desktop\init_final\computer-animation-final-project\x64\Debug\glfw3.pdb')，當做沒有偵錯資訊，連結物件
glfw3.lib(monitor.obj) : warning LNK4099: 找不到 PDB 'glfw3.pdb' (有 'glfw3.lib(monitor.obj)' 或位於 'D:\user\Desktop\init_final\computer-animation-final-project\x64\Debug\glfw3.pdb')，當做沒有偵錯資訊，連結物件
glfw3.lib(platform.obj) : warning LNK4099: 找不到 PDB 'glfw3.pdb' (有 'glfw3.lib(platform.obj)' 或位於 'D:\user\Desktop\init_final\computer-animation-final-project\x64\Debug\glfw3.pdb')，當做沒有偵錯資訊，連結物件
glfw3.lib(vulkan.obj) : warning LNK4099: 找不到 PDB 'glfw3.pdb' (有 'glfw3.lib(vulkan.obj)' 或位於 'D:\user\Desktop\init_final\computer-animation-final-project\x64\Debug\glfw3.pdb')，當做沒有偵錯資訊，連結物件
glfw3.lib(window.obj) : warning LNK4099: 找不到 PDB 'glfw3.pdb' (有 'glfw3.lib(window.obj)' 或位於 'D:\user\Desktop\init_final\computer-animation-final-project\x64\Debug\glfw3.pdb')，當做沒有偵錯資訊，連結物件
glfw3.lib(egl_context.obj) : warning LNK4099: 找不到 PDB 'glfw3.pdb' (有 'glfw3.lib(egl_context.obj)' 或位於 'D:\user\Desktop\init_final\computer-animation-final-project\x64\Debug\glfw3.pdb')，當做沒有偵錯資訊，連結物件
glfw3.lib(osmesa_context.obj) : warning LNK4099: 找不到 PDB 'glfw3.pdb' (有 'glfw3.lib(osmesa_context.obj)' 或位於 'D:\user\Desktop\init_final\computer-animation-final-project\x64\Debug\glfw3.pdb')，當做沒有偵錯資訊，連結物件
glfw3.lib(null_init.obj) : warning LNK4099: 找不到 PDB '' (有 'glfw3.lib(null_init.obj)' 或位於 '')，當做沒有偵錯資訊，連結物件
glfw3.lib(null_monitor.obj) : warning LNK4099: 找不到 PDB 'glfw3.pdb' (有 'glfw3.lib(null_monitor.obj)' 或位於 'D:\user\Desktop\init_final\computer-animation-final-project\x64\Debug\glfw3.pdb')，當做沒有偵錯資訊，連結物件
glfw3.lib(null_window.obj) : warning LNK4099: 找不到 PDB 'glfw3.pdb' (有 'glfw3.lib(null_window.obj)' 或位於 'D:\user\Desktop\init_final\computer-animation-final-project\x64\Debug\glfw3.pdb')，當做沒有偵錯資訊，連結物件
glfw3.lib(null_joystick.obj) : warning LNK4099: 找不到 PDB 'glfw3.pdb' (有 'glfw3.lib(null_joystick.obj)' 或位於 'D:\user\Desktop\init_final\computer-animation-final-project\x64\Debug\glfw3.pdb')，當做沒有偵錯資訊，連結物件
glfw3.lib(win32_module.obj) : warning LNK4099: 找不到 PDB 'glfw3.pdb' (有 'glfw3.lib(win32_module.obj)' 或位於 'D:\user\Desktop\init_final\computer-animation-final-project\x64\Debug\glfw3.pdb')，當做沒有偵錯資訊，連結物件
glfw3.lib(win32_time.obj) : warning LNK4099: 找不到 PDB 'glfw3.pdb' (有 'glfw3.lib(win32_time.obj)' 或位於 'D:\user\Desktop\init_final\computer-animation-final-project\x64\Debug\glfw3.pdb')，當做沒有偵錯資訊，連結物件
glfw3.lib(win32_thread.obj) : warning LNK4099: 找不到 PDB 'glfw3.pdb' (有 'glfw3.lib(win32_thread.obj)' 或位於 'D:\user\Desktop\init_final\computer-animation-final-project\x64\Debug\glfw3.pdb')，當做沒有偵錯資訊，連結物件
glfw3.lib(win32_init.obj) : warning LNK4099: 找不到 PDB 'glfw3.pdb' (有 'glfw3.lib(win32_init.obj)' 或位於 'D:\user\Desktop\init_final\computer-animation-final-project\x64\Debug\glfw3.pdb')，當做沒有偵錯資訊，連結物件
glfw3.lib(win32_joystick.obj) : warning LNK4099: 找不到 PDB 'glfw3.pdb' (有 'glfw3.lib(win32_joystick.obj)' 或位於 'D:\user\Desktop\init_final\computer-animation-final-project\x64\Debug\glfw3.pdb')，當做沒有偵錯資訊，連結物件
glfw3.lib(win32_monitor.obj) : warning LNK4099: 找不到 PDB 'glfw3.pdb' (有 'glfw3.lib(win32_monitor.obj)' 或位於 'D:\user\Desktop\init_final\computer-animation-final-project\x64\Debug\glfw3.pdb')，當做沒有偵錯資訊，連結物件
glfw3.lib(win32_window.obj) : warning LNK4099: 找不到 PDB 'glfw3.pdb' (有 'glfw3.lib(win32_window.obj)' 或位於 'D:\user\Desktop\init_final\computer-animation-final-project\x64\Debug\glfw3.pdb')，當做沒有偵錯資訊，連結物件
glfw3.lib(wgl_context.obj) : warning LNK4099: 找不到 PDB 'glfw3.pdb' (有 'glfw3.lib(wgl_context.obj)' 或位於 'D:\user\Desktop\init_final\computer-animation-final-project\x64\Debug\glfw3.pdb')，當做沒有偵錯資訊，連結物件
  MultiplyOrRelease.vcxproj -> D:\user\Desktop\init_final\computer-animation-final-project\x64\Debug\MultiplyOrRelease.exe
